<?xml version="1.0" encoding="UTF-8"?>
<testng-results skipped="0" failed="0" ignored="0" total="1" passed="1">
  <reporter-output>
  </reporter-output>
  <suite name="Suite" duration-ms="154506" started-at="2018-08-28T15:55:17Z" finished-at="2018-08-28T15:57:52Z">
    <groups>
    </groups>
    <test name="Test" duration-ms="154506" started-at="2018-08-28T15:55:17Z" finished-at="2018-08-28T15:57:52Z">
      <class name="executionEngine.DriverScript">
        <test-method status="PASS" signature="main()[pri:0, instance:executionEngine.DriverScript@5419f379]" name="main" duration-ms="154427" started-at="2018-08-28T15:55:17Z" finished-at="2018-08-28T15:57:52Z">
          <reporter-output>
          </reporter-output>
        </test-method> <!-- main -->
      </class> <!-- executionEngine.DriverScript -->
    </test> <!-- Test -->
  </suite> <!-- Suite -->
</testng-results>
